build/app/intermediates/manifest_merge_blame_file/debug/manifest-merger-blame-debug-report.txt
1<?xml version="1.0" encoding="utf-8"?>
2<manifest xmlns:android="http://schemas.android.com/apk/res/android"
3    package="com.querciapps.sortmaster.photos"
4    android:versionCode="1"
5    android:versionName="1.0.0" >
6
7    <uses-sdk
8        android:minSdkVersion="19"
9        android:targetSdkVersion="33" />
10    <!--
11         The INTERNET permission is required for development. Specifically,
12         the Flutter tool needs it to communicate with the running application
13         to allow setting breakpoints, to provide hot reload, etc.
14    -->
15    <uses-permission android:name="android.permission.INTERNET" />
15-->src/debug/AndroidManifest.xml:6:5-66
15-->src/debug/AndroidManifest.xml:6:22-64
16    <!--
17     Required to query activities that can process text, see:
18         https://developer.android.com/training/package-visibility?hl=en and
19         https://developer.android.com/reference/android/content/Intent#ACTION_PROCESS_TEXT.
20
21         In particular, this is used by the Flutter engine in io.flutter.plugin.text.ProcessTextPlugin.
22    -->
23    <queries>
23-->src/main/AndroidManifest.xml:39:5-44:15
24        <intent>
24-->src/main/AndroidManifest.xml:40:9-43:18
25            <action android:name="android.intent.action.PROCESS_TEXT" />
25-->src/main/AndroidManifest.xml:41:13-72
25-->src/main/AndroidManifest.xml:41:21-70
26
27            <data android:mimeType="text/plain" />
27-->src/main/AndroidManifest.xml:42:13-50
27-->src/main/AndroidManifest.xml:42:19-48
28        </intent>
29        <intent>
29-->[com.android.billingclient:billing:6.1.0] AndroidManifest.xml:13:9-15:18
30            <action android:name="com.android.vending.billing.InAppBillingService.BIND" />
30-->[com.android.billingclient:billing:6.1.0] AndroidManifest.xml:14:13-91
30-->[com.android.billingclient:billing:6.1.0] AndroidManifest.xml:14:21-88
31        </intent>
32    </queries>
33
34    <uses-permission android:name="com.android.vending.BILLING" /> <!-- Although the *SdkVersion is captured in gradle build files, this is required for non gradle builds -->
34-->[com.android.billingclient:billing:6.1.0] AndroidManifest.xml:10:5-67
34-->[com.android.billingclient:billing:6.1.0] AndroidManifest.xml:10:22-64
35    <!-- <uses-sdk android:minSdkVersion="14"/> -->
36    <uses-permission android:name="android.permission.ACCESS_NETWORK_STATE" />
36-->[com.google.android.datatransport:transport-backend-cct:3.1.8] AndroidManifest.xml:24:5-79
36-->[com.google.android.datatransport:transport-backend-cct:3.1.8] AndroidManifest.xml:24:22-76
37
38    <application
39        android:name="android.app.Application"
40        android:appComponentFactory="androidx.core.app.CoreComponentFactory"
40-->[androidx.core:core:1.6.0] AndroidManifest.xml:24:18-86
41        android:debuggable="true"
42        android:enableOnBackInvokedCallback="true"
43        android:icon="@mipmap/ic_launcher"
44        android:label="plop" >
45        <activity
46            android:name="com.querciapps.sortmaster.photos.MainActivity"
47            android:configChanges="orientation|keyboardHidden|keyboard|screenSize|smallestScreenSize|locale|layoutDirection|fontScale|screenLayout|density|uiMode"
48            android:exported="true"
49            android:hardwareAccelerated="true"
50            android:launchMode="singleTop"
51            android:theme="@style/LaunchTheme"
52            android:windowSoftInputMode="adjustResize" >
53
54            <!--
55                 Specifies an Android theme to apply to this Activity as soon as
56                 the Android process has started. This theme is visible to the user
57                 while the Flutter UI initializes. After that, this theme continues
58                 to determine the Window background behind the Flutter UI.
59            -->
60            <meta-data
61                android:name="io.flutter.embedding.android.NormalTheme"
62                android:resource="@style/NormalTheme" />
63
64            <intent-filter>
65                <action android:name="android.intent.action.MAIN" />
66
67                <category android:name="android.intent.category.LAUNCHER" />
68            </intent-filter>
69        </activity>
70        <!--
71             Don't delete the meta-data below.
72             This is used by the Flutter tool to generate GeneratedPluginRegistrant.java
73        -->
74        <meta-data
75            android:name="flutterEmbedding"
76            android:value="2" />
77        <meta-data
77-->[com.android.billingclient:billing:6.1.0] AndroidManifest.xml:19:9-21:37
78            android:name="com.google.android.play.billingclient.version"
78-->[com.android.billingclient:billing:6.1.0] AndroidManifest.xml:20:13-73
79            android:value="6.1.0" />
79-->[com.android.billingclient:billing:6.1.0] AndroidManifest.xml:21:13-34
80
81        <activity
81-->[com.android.billingclient:billing:6.1.0] AndroidManifest.xml:23:9-27:75
82            android:name="com.android.billingclient.api.ProxyBillingActivity"
82-->[com.android.billingclient:billing:6.1.0] AndroidManifest.xml:24:13-78
83            android:configChanges="keyboard|keyboardHidden|screenLayout|screenSize|orientation"
83-->[com.android.billingclient:billing:6.1.0] AndroidManifest.xml:25:13-96
84            android:exported="false"
84-->[com.android.billingclient:billing:6.1.0] AndroidManifest.xml:26:13-37
85            android:theme="@android:style/Theme.Translucent.NoTitleBar" />
85-->[com.android.billingclient:billing:6.1.0] AndroidManifest.xml:27:13-72
86
87        <uses-library
87-->[androidx.window:window:1.0.0-beta04] AndroidManifest.xml:25:9-27:40
88            android:name="androidx.window.extensions"
88-->[androidx.window:window:1.0.0-beta04] AndroidManifest.xml:26:13-54
89            android:required="false" />
89-->[androidx.window:window:1.0.0-beta04] AndroidManifest.xml:27:13-37
90        <uses-library
90-->[androidx.window:window:1.0.0-beta04] AndroidManifest.xml:28:9-30:40
91            android:name="androidx.window.sidecar"
91-->[androidx.window:window:1.0.0-beta04] AndroidManifest.xml:29:13-51
92            android:required="false" />
92-->[androidx.window:window:1.0.0-beta04] AndroidManifest.xml:30:13-37
93
94        <activity
94-->[com.google.android.gms:play-services-base:18.0.1] AndroidManifest.xml:20:9-22:45
95            android:name="com.google.android.gms.common.api.GoogleApiActivity"
95-->[com.google.android.gms:play-services-base:18.0.1] AndroidManifest.xml:20:19-85
96            android:exported="false"
96-->[com.google.android.gms:play-services-base:18.0.1] AndroidManifest.xml:22:19-43
97            android:theme="@android:style/Theme.Translucent.NoTitleBar" />
97-->[com.google.android.gms:play-services-base:18.0.1] AndroidManifest.xml:21:19-78
98
99        <meta-data
99-->[com.google.android.gms:play-services-basement:18.0.1] AndroidManifest.xml:21:9-23:69
100            android:name="com.google.android.gms.version"
100-->[com.google.android.gms:play-services-basement:18.0.1] AndroidManifest.xml:22:13-58
101            android:value="@integer/google_play_services_version" />
101-->[com.google.android.gms:play-services-basement:18.0.1] AndroidManifest.xml:23:13-66
102
103        <service
103-->[com.google.android.datatransport:transport-backend-cct:3.1.8] AndroidManifest.xml:28:9-34:19
104            android:name="com.google.android.datatransport.runtime.backends.TransportBackendDiscovery"
104-->[com.google.android.datatransport:transport-backend-cct:3.1.8] AndroidManifest.xml:29:13-103
105            android:exported="false" >
105-->[com.google.android.datatransport:transport-backend-cct:3.1.8] AndroidManifest.xml:30:13-37
106            <meta-data
106-->[com.google.android.datatransport:transport-backend-cct:3.1.8] AndroidManifest.xml:31:13-33:39
107                android:name="backend:com.google.android.datatransport.cct.CctBackendFactory"
107-->[com.google.android.datatransport:transport-backend-cct:3.1.8] AndroidManifest.xml:32:17-94
108                android:value="cct" />
108-->[com.google.android.datatransport:transport-backend-cct:3.1.8] AndroidManifest.xml:33:17-36
109        </service>
110        <service
110-->[com.google.android.datatransport:transport-runtime:3.1.8] AndroidManifest.xml:26:9-30:19
111            android:name="com.google.android.datatransport.runtime.scheduling.jobscheduling.JobInfoSchedulerService"
111-->[com.google.android.datatransport:transport-runtime:3.1.8] AndroidManifest.xml:27:13-117
112            android:exported="false"
112-->[com.google.android.datatransport:transport-runtime:3.1.8] AndroidManifest.xml:28:13-37
113            android:permission="android.permission.BIND_JOB_SERVICE" >
113-->[com.google.android.datatransport:transport-runtime:3.1.8] AndroidManifest.xml:29:13-69
114        </service>
115
116        <receiver
116-->[com.google.android.datatransport:transport-runtime:3.1.8] AndroidManifest.xml:32:9-34:40
117            android:name="com.google.android.datatransport.runtime.scheduling.jobscheduling.AlarmManagerSchedulerBroadcastReceiver"
117-->[com.google.android.datatransport:transport-runtime:3.1.8] AndroidManifest.xml:33:13-132
118            android:exported="false" />
118-->[com.google.android.datatransport:transport-runtime:3.1.8] AndroidManifest.xml:34:13-37
119    </application>
120
121</manifest>